# JRE version: Java(TM) SE Runtime Environment (17.0.11+7) (build 17.0.11+7-LTS-207)
# Java VM: Java HotSpot(TM) 64-Bit Server VM (17.0.11+7-LTS-207, mixed mode, sharing, tiered, compressed oops, compressed class ptrs, g1 gc, windows-amd64)
GC Precious Log:
 CPUs: 16 total, 16 available
 Memory: 15791M
 Large Page Support: Disabled
 NUMA Support: Disabled
 Compressed Oops: Enabled (Zero based)
 Heap Region Size: 2M
 Heap Min Capacity: 8M
 Heap Initial Capacity: 248M
 Heap Max Capacity: 3948M
 Pre-touch: Disabled
 Parallel Workers: 13
 Concurrent Workers: 3
 Concurrent Refinement Workers: 13
 Periodic GC: Disabled
Heap:
 garbage-first heap   total 55296K, used 28996K [0x0000000709400000, 0x0000000800000000)
  region size 2048K, 8 young (16384K), 2 survivors (4096K)
 Metaspace       used 37765K, committed 38272K, reserved 1114112K
  class space    used 5040K, committed 5312K, reserved 1048576K
GC Heap History (16 events):
Event: 0.976 GC heap before
{Heap before GC invocations=0 (full 0):
 garbage-first heap   total 253952K, used 22528K [0x0000000709400000, 0x0000000800000000)
  region size 2048K, 11 young (22528K), 0 survivors (0K)
 Metaspace       used 5994K, committed 6144K, reserved 1114112K
  class space    used 708K, committed 768K, reserved 1048576K
}
Event: 0.983 GC heap after
{Heap after GC invocations=1 (full 0):
 garbage-first heap   total 253952K, used 5503K [0x0000000709400000, 0x0000000800000000)
  region size 2048K, 2 young (4096K), 2 survivors (4096K)
 Metaspace       used 5994K, committed 6144K, reserved 1114112K
  class space    used 708K, committed 768K, reserved 1048576K
}
Event: 1.922 GC heap before
{Heap before GC invocations=1 (full 0):
 garbage-first heap   total 253952K, used 32127K [0x0000000709400000, 0x0000000800000000)
  region size 2048K, 16 young (32768K), 2 survivors (4096K)
 Metaspace       used 13043K, committed 13376K, reserved 1114112K
  class space    used 1605K, committed 1728K, reserved 1048576K
}
Event: 1.932 GC heap after
{Heap after GC invocations=2 (full 0):
 garbage-first heap   total 253952K, used 8128K [0x0000000709400000, 0x0000000800000000)
  region size 2048K, 2 young (4096K), 2 survivors (4096K)
 Metaspace       used 13043K, committed 13376K, reserved 1114112K
  class space    used 1605K, committed 1728K, reserved 1048576K
}
Event: 3.423 GC heap before
{Heap before GC invocations=2 (full 0):
 garbage-first heap   total 253952K, used 53184K [0x0000000709400000, 0x0000000800000000)
  region size 2048K, 25 young (51200K), 2 survivors (4096K)
 Metaspace       used 21132K, committed 21504K, reserved 1114112K
  class space    used 2659K, committed 2816K, reserved 1048576K
}
Event: 3.432 GC heap after
{Heap after GC invocations=3 (full 0):
 garbage-first heap   total 253952K, used 11944K [0x0000000709400000, 0x0000000800000000)
  region size 2048K, 4 young (8192K), 4 survivors (8192K)
 Metaspace       used 21132K, committed 21504K, reserved 1114112K
  class space    used 2659K, committed 2816K, reserved 1048576K
}
Event: 4.554 GC heap before
{Heap before GC invocations=4 (full 0):
 garbage-first heap   total 55296K, used 36520K [0x0000000709400000, 0x0000000800000000)
  region size 2048K, 16 young (32768K), 4 survivors (8192K)
 Metaspace       used 25927K, committed 26304K, reserved 1114112K
  class space    used 3342K, committed 3520K, reserved 1048576K
}
Event: 4.563 GC heap after
{Heap after GC invocations=5 (full 0):
 garbage-first heap   total 55296K, used 14236K [0x0000000709400000, 0x0000000800000000)
  region size 2048K, 2 young (4096K), 2 survivors (4096K)
 Metaspace       used 25927K, committed 26304K, reserved 1114112K
  class space    used 3342K, committed 3520K, reserved 1048576K
}
Event: 4.636 GC heap before
{Heap before GC invocations=5 (full 0):
 garbage-first heap   total 55296K, used 14236K [0x0000000709400000, 0x0000000800000000)
  region size 2048K, 3 young (6144K), 2 survivors (4096K)
 Metaspace       used 26469K, committed 26880K, reserved 1114112K
  class space    used 3392K, committed 3584K, reserved 1048576K
}
Event: 4.643 GC heap after
{Heap after GC invocations=6 (full 0):
 garbage-first heap   total 55296K, used 14658K [0x0000000709400000, 0x0000000800000000)
  region size 2048K, 1 young (2048K), 1 survivors (2048K)
 Metaspace       used 26469K, committed 26880K, reserved 1114112K
  class space    used 3392K, committed 3584K, reserved 1048576K
}
Event: 5.909 GC heap before
{Heap before GC invocations=6 (full 0):
 garbage-first heap   total 55296K, used 35138K [0x0000000709400000, 0x0000000800000000)
  region size 2048K, 11 young (22528K), 1 survivors (2048K)
 Metaspace       used 30455K, committed 30912K, reserved 1114112K
  class space    used 3939K, committed 4160K, reserved 1048576K
}
Event: 5.914 GC heap after
{Heap after GC invocations=7 (full 0):
 garbage-first heap   total 55296K, used 16547K [0x0000000709400000, 0x0000000800000000)
  region size 2048K, 2 young (4096K), 2 survivors (4096K)
 Metaspace       used 30455K, committed 30912K, reserved 1114112K
  class space    used 3939K, committed 4160K, reserved 1048576K
}
Event: 7.276 GC heap before
{Heap before GC invocations=7 (full 0):
 garbage-first heap   total 55296K, used 37027K [0x0000000709400000, 0x0000000800000000)
  region size 2048K, 12 young (24576K), 2 survivors (4096K)
 Metaspace       used 34362K, committed 34816K, reserved 1114112K
  class space    used 4526K, committed 4736K, reserved 1048576K
}
Event: 7.282 GC heap after
{Heap after GC invocations=8 (full 0):
 garbage-first heap   total 55296K, used 18568K [0x0000000709400000, 0x0000000800000000)
  region size 2048K, 1 young (2048K), 1 survivors (2048K)
 Metaspace       used 34362K, committed 34816K, reserved 1114112K
  class space    used 4526K, committed 4736K, reserved 1048576K
}
Event: 7.590 GC heap before
{Heap before GC invocations=8 (full 0):
 garbage-first heap   total 55296K, used 20616K [0x0000000709400000, 0x0000000800000000)
  region size 2048K, 4 young (8192K), 1 survivors (2048K)
 Metaspace       used 35549K, committed 35968K, reserved 1114112K
  class space    used 4667K, committed 4864K, reserved 1048576K
}
Event: 7.594 GC heap after
{Heap after GC invocations=9 (full 0):
 garbage-first heap   total 55296K, used 18756K [0x0000000709400000, 0x0000000800000000)
  region size 2048K, 2 young (4096K), 2 survivors (4096K)
 Metaspace       used 35549K, committed 35968K, reserved 1114112K
  class space    used 4667K, committed 4864K, reserved 1048576K
}

